<?xml version="1.0" encoding="utf-8" standalone="no"?>
<!--This file represents the results of running a test suite-->
<test-results name="C:\Users\Michael\Desktop\SchoolOldFiles\Old Files\Quality Assurance\MCAssignment3\MCoutureAssignment3\SortPlayersTests\bin\Debug\SortPlayersTests.dll" total="7" errors="0" failures="0" not-run="0" inconclusive="0" ignored="0" skipped="0" invalid="0" date="2015-12-09" time="00:04:04">
  <environment nunit-version="2.6.4.14350" clr-version="2.0.50727.8009" os-version="Microsoft Windows NT 6.2.9200.0" platform="Win32NT" cwd="C:\Program Files (x86)\NUnit 2.6.4\bin" machine-name="COUTURE" user="Michael" user-domain="COUTURE" />
  <culture-info current-culture="en-CA" current-uiculture="en-US" />
  <test-suite type="Assembly" name="C:\Users\Michael\Desktop\SchoolOldFiles\Old Files\Quality Assurance\MCAssignment3\MCoutureAssignment3\SortPlayersTests\bin\Debug\SortPlayersTests.dll" executed="True" result="Success" success="True" time="0.314" asserts="0">
    <results>
      <test-suite type="Namespace" name="SortPlayersTest" executed="True" result="Success" success="True" time="0.297" asserts="0">
        <results>
          <test-suite type="TestFixture" name="Tests" executed="True" result="Success" success="True" time="0.295" asserts="0">
            <results>
              <test-case name="SortPlayersTest.Tests.AlternateXMLFile" executed="True" result="Success" success="True" time="0.200" asserts="1" />
              <test-case name="SortPlayersTest.Tests.AlternateXMLFileGetLastPlayer" executed="True" result="Success" success="True" time="0.001" asserts="1" />
              <test-case name="SortPlayersTest.Tests.FindLowestPlayer" executed="True" result="Success" success="True" time="0.001" asserts="1" />
              <test-case name="SortPlayersTest.Tests.FindSecondLowestPlayer" executed="True" result="Success" success="True" time="0.001" asserts="1" />
              <test-case name="SortPlayersTest.Tests.LoadEmptyXMLFile" executed="True" result="Success" success="True" time="0.025" asserts="1" />
              <test-case name="SortPlayersTest.Tests.LoadXMLFileThatDoesntExist" executed="True" result="Success" success="True" time="0.001" asserts="1" />
              <test-case name="SortPlayersTest.Tests.LoadXMLWithIncorrectTags" executed="True" result="Success" success="True" time="0.041" asserts="1" />
            </results>
          </test-suite>
        </results>
      </test-suite>
    </results>
  </test-suite>
</test-results>